app/build/intermediates/manifest_merge_blame_file/debug/manifest-merger-blame-debug-report.txt
1<?xml version="1.0" encoding="utf-8"?>
2<manifest xmlns:android="http://schemas.android.com/apk/res/android"
3    package="com.example.gasradar"
4    android:versionCode="1"
5    android:versionName="1.0" >
6
7    <uses-sdk
8        android:minSdkVersion="23"
8-->src/main/AndroidManifest.xml
9        android:targetSdkVersion="29" />
9-->src/main/AndroidManifest.xml
10
11    <uses-permission android:name="android.permission.ACCESS_FINE_LOCATION" />
11-->src/main/AndroidManifest.xml:5:5-79
11-->src/main/AndroidManifest.xml:5:22-76
12    <uses-permission android:name="android.permission.INTERNET" />
12-->src/main/AndroidManifest.xml:6:5-67
12-->src/main/AndroidManifest.xml:6:22-64
13    <uses-permission android:name="android.permission.ACCESS_WIFI_STATE" /> <!-- Include required permissions for Google Maps API to run. -->
13-->[com.google.android.libraries.places:places:2.1.0] AndroidManifest.xml:10:5-76
13-->[com.google.android.libraries.places:places:2.1.0] AndroidManifest.xml:10:22-73
14    <uses-permission android:name="android.permission.ACCESS_NETWORK_STATE" />
14-->[com.google.android.gms:play-services-maps:17.0.0] AndroidManifest.xml:23:5-79
14-->[com.google.android.gms:play-services-maps:17.0.0] AndroidManifest.xml:23:22-76
15
16    <uses-feature
16-->[com.google.android.gms:play-services-maps:17.0.0] AndroidManifest.xml:26:5-28:35
17        android:glEsVersion="0x00020000"
17-->[com.google.android.gms:play-services-maps:17.0.0] AndroidManifest.xml:27:9-41
18        android:required="true" />
18-->[com.google.android.gms:play-services-maps:17.0.0] AndroidManifest.xml:28:9-32
19
20    <uses-permission android:name="android.permission.WAKE_LOCK" /> <!-- Required by older versions of Google Play services to create IID tokens -->
20-->[com.google.android.gms:play-services-measurement-api:17.2.1] AndroidManifest.xml:24:5-68
20-->[com.google.android.gms:play-services-measurement-api:17.2.1] AndroidManifest.xml:24:22-65
21    <uses-permission android:name="com.google.android.c2dm.permission.RECEIVE" />
21-->[com.google.firebase:firebase-iid:19.0.0] AndroidManifest.xml:26:5-82
21-->[com.google.firebase:firebase-iid:19.0.0] AndroidManifest.xml:26:22-79
22    <uses-permission android:name="com.google.android.finsky.permission.BIND_GET_INSTALL_REFERRER_SERVICE" />
22-->[com.google.android.gms:play-services-measurement:17.2.1] AndroidManifest.xml:26:5-110
22-->[com.google.android.gms:play-services-measurement:17.2.1] AndroidManifest.xml:26:22-107
23
24    <application
24-->src/main/AndroidManifest.xml:7:5-69:19
25        android:allowBackup="true"
25-->src/main/AndroidManifest.xml:8:9-35
26        android:appComponentFactory="androidx.core.app.CoreComponentFactory"
26-->[androidx.core:core:1.1.0] AndroidManifest.xml:24:18-86
27        android:debuggable="true"
28        android:extractNativeLibs="false"
29        android:icon="@mipmap/ic_launcher"
29-->src/main/AndroidManifest.xml:9:9-43
30        android:label="@string/app_name"
30-->src/main/AndroidManifest.xml:10:9-41
31        android:roundIcon="@mipmap/ic_launcher_round"
31-->src/main/AndroidManifest.xml:11:9-54
32        android:supportsRtl="true"
32-->src/main/AndroidManifest.xml:12:9-35
33        android:testOnly="true"
34        android:theme="@style/AppTheme" >
34-->src/main/AndroidManifest.xml:13:9-40
35        <activity android:name="com.example.gasradar.Home" />
35-->src/main/AndroidManifest.xml:15:9-51
35-->src/main/AndroidManifest.xml:15:19-39
36        <activity android:name="com.example.gasradar.LoginPage" />
36-->src/main/AndroidManifest.xml:16:9-47
36-->src/main/AndroidManifest.xml:16:19-44
37        <activity android:name="com.example.gasradar.SignUp" />
37-->src/main/AndroidManifest.xml:17:9-44
37-->src/main/AndroidManifest.xml:17:19-41
38        <activity android:name="com.example.gasradar.PlacesInfo" />
38-->src/main/AndroidManifest.xml:18:9-48
38-->src/main/AndroidManifest.xml:18:19-45
39        <activity android:name="com.example.gasradar.HttpHandler" />
39-->src/main/AndroidManifest.xml:19:9-49
39-->src/main/AndroidManifest.xml:19:19-46
40        <activity android:name="com.example.gasradar.IntroPage" >
40-->src/main/AndroidManifest.xml:20:9-35:20
40-->src/main/AndroidManifest.xml:20:19-44
41            <intent-filter>
41-->src/main/AndroidManifest.xml:21:13-24:29
42                <action android:name="android.intent.action.MAIN" />
42-->src/main/AndroidManifest.xml:22:17-69
42-->src/main/AndroidManifest.xml:22:25-66
43
44                <category android:name="android.intent.category.LAUNCHER" />
44-->src/main/AndroidManifest.xml:23:17-77
44-->src/main/AndroidManifest.xml:23:27-74
45            </intent-filter>
46            <intent-filter>
46-->src/main/AndroidManifest.xml:25:13-34:29
47                <action android:name="android.intent.action.VIEW" />
47-->src/main/AndroidManifest.xml:26:17-69
47-->src/main/AndroidManifest.xml:26:25-66
48
49                <category android:name="android.intent.category.DEFAULT" />
49-->src/main/AndroidManifest.xml:28:17-76
49-->src/main/AndroidManifest.xml:28:27-73
50                <category android:name="android.intent.category.BROWSABLE" />
50-->src/main/AndroidManifest.xml:29:17-78
50-->src/main/AndroidManifest.xml:29:27-75
51
52                <data
52-->src/main/AndroidManifest.xml:31:17-33:46
53                    android:host="example.com"
53-->src/main/AndroidManifest.xml:32:21-47
54                    android:scheme="https" />
54-->src/main/AndroidManifest.xml:33:21-43
55            </intent-filter>
56        </activity>
57
58        <meta-data
58-->src/main/AndroidManifest.xml:37:9-39:55
59            android:name="com.google.android.geo.API_KEY"
59-->src/main/AndroidManifest.xml:38:13-58
60            android:value="@string/google_maps_key" />
60-->src/main/AndroidManifest.xml:39:13-52
61
62        <activity
62-->src/main/AndroidManifest.xml:41:9-49:20
63            android:name="com.example.gasradar.MapsActivity"
63-->src/main/AndroidManifest.xml:42:13-41
64            android:label="@string/title_activity_maps" >
64-->src/main/AndroidManifest.xml:43:13-56
65            <intent-filter>
65-->src/main/AndroidManifest.xml:21:13-24:29
66                <action android:name="android.intent.action.MAIN" />
66-->src/main/AndroidManifest.xml:22:17-69
66-->src/main/AndroidManifest.xml:22:25-66
67
68                <category android:name="android.intent.category.LAUNCHER" />
68-->src/main/AndroidManifest.xml:23:17-77
68-->src/main/AndroidManifest.xml:23:27-74
69            </intent-filter>
70        </activity>
71
72        <meta-data
72-->src/main/AndroidManifest.xml:51:9-52:54
73            android:name="com.facebook.sdk.ApplicationId"
73-->src/main/AndroidManifest.xml:51:20-65
74            android:value="@string/facebook_app_id" />
74-->src/main/AndroidManifest.xml:52:13-52
75
76        <activity
76-->src/main/AndroidManifest.xml:54:9-57:48
77            android:name="com.facebook.FacebookActivity"
77-->src/main/AndroidManifest.xml:54:19-63
78            android:configChanges="keyboard|keyboardHidden|screenLayout|screenSize|orientation"
78-->src/main/AndroidManifest.xml:55:13-113
79            android:label="@string/app_name"
79-->src/main/AndroidManifest.xml:57:13-45
80            android:theme="@style/com_facebook_activity_theme" />
80-->[com.facebook.android:facebook-common:5.11.0] AndroidManifest.xml:32:13-63
81        <activity
81-->src/main/AndroidManifest.xml:58:9-67:20
82            android:name="com.facebook.CustomTabActivity"
82-->src/main/AndroidManifest.xml:59:13-58
83            android:exported="true" >
83-->src/main/AndroidManifest.xml:60:13-36
84            <intent-filter>
84-->src/main/AndroidManifest.xml:61:13-66:29
85                <action android:name="android.intent.action.VIEW" />
85-->src/main/AndroidManifest.xml:26:17-69
85-->src/main/AndroidManifest.xml:26:25-66
86
87                <category android:name="android.intent.category.DEFAULT" />
87-->src/main/AndroidManifest.xml:28:17-76
87-->src/main/AndroidManifest.xml:28:27-73
88                <category android:name="android.intent.category.BROWSABLE" />
88-->src/main/AndroidManifest.xml:29:17-78
88-->src/main/AndroidManifest.xml:29:27-75
89
90                <data android:scheme="@string/fb_login_protocol_scheme" />
90-->src/main/AndroidManifest.xml:31:17-33:46
90-->src/main/AndroidManifest.xml:33:21-43
91            </intent-filter>
92        </activity>
93        <activity
93-->[com.google.android.libraries.places:places:2.1.0] AndroidManifest.xml:14:9-20:20
94            android:name="com.google.android.libraries.places.widget.AutocompleteActivity"
94-->[com.google.android.libraries.places:places:2.1.0] AndroidManifest.xml:15:13-91
95            android:exported="false"
95-->[com.google.android.libraries.places:places:2.1.0] AndroidManifest.xml:16:13-37
96            android:label="@string/places_autocomplete_label"
96-->[com.google.android.libraries.places:places:2.1.0] AndroidManifest.xml:17:13-62
97            android:theme="@style/PlacesAutocompleteOverlay"
97-->[com.google.android.libraries.places:places:2.1.0] AndroidManifest.xml:18:13-61
98            android:windowSoftInputMode="adjustResize" >
98-->[com.google.android.libraries.places:places:2.1.0] AndroidManifest.xml:19:13-55
99        </activity>
100        <activity android:name="com.facebook.CustomTabMainActivity" /> <!-- Needs to be explicitly declared on P+ -->
100-->[com.facebook.android:facebook-common:5.11.0] AndroidManifest.xml:33:9-71
100-->[com.facebook.android:facebook-common:5.11.0] AndroidManifest.xml:33:19-68
101        <uses-library
101-->[com.google.android.gms:play-services-maps:17.0.0] AndroidManifest.xml:33:9-35:40
102            android:name="org.apache.http.legacy"
102-->[com.google.android.gms:play-services-maps:17.0.0] AndroidManifest.xml:34:13-50
103            android:required="false" />
103-->[com.google.android.gms:play-services-maps:17.0.0] AndroidManifest.xml:35:13-37
104
105        <activity
105-->[com.google.firebase:firebase-auth:19.1.0] AndroidManifest.xml:24:9-31:50
106            android:name="com.google.firebase.auth.internal.FederatedSignInActivity"
106-->[com.google.firebase:firebase-auth:19.1.0] AndroidManifest.xml:25:13-85
107            android:excludeFromRecents="true"
107-->[com.google.firebase:firebase-auth:19.1.0] AndroidManifest.xml:26:13-46
108            android:exported="true"
108-->[com.google.firebase:firebase-auth:19.1.0] AndroidManifest.xml:27:13-36
109            android:launchMode="singleTask"
109-->[com.google.firebase:firebase-auth:19.1.0] AndroidManifest.xml:28:13-44
110            android:permission="com.google.firebase.auth.api.gms.permission.LAUNCH_FEDERATED_SIGN_IN"
110-->[com.google.firebase:firebase-auth:19.1.0] AndroidManifest.xml:29:13-102
111            android:theme="@android:style/Theme.Translucent.NoTitleBar" />
111-->[com.google.firebase:firebase-auth:19.1.0] AndroidManifest.xml:30:13-72
112
113        <service
113-->[com.google.firebase:firebase-auth:19.1.0] AndroidManifest.xml:33:9-39:19
114            android:name="com.google.firebase.components.ComponentDiscoveryService"
114-->[com.google.firebase:firebase-auth:19.1.0] AndroidManifest.xml:34:13-84
115            android:exported="false" >
115-->[com.google.firebase:firebase-auth:19.1.0] AndroidManifest.xml:35:13-37
116            <meta-data
116-->[com.google.firebase:firebase-auth:19.1.0] AndroidManifest.xml:36:13-38:85
117                android:name="com.google.firebase.components:com.google.firebase.auth.FirebaseAuthRegistrar"
117-->[com.google.firebase:firebase-auth:19.1.0] AndroidManifest.xml:37:17-109
118                android:value="com.google.firebase.components.ComponentRegistrar" />
118-->[com.google.firebase:firebase-auth:19.1.0] AndroidManifest.xml:38:17-82
119            <meta-data
119-->[com.google.firebase:firebase-dynamic-links:19.0.0] AndroidManifest.xml:9:13-11:85
120                android:name="com.google.firebase.components:com.google.firebase.dynamiclinks.internal.FirebaseDynamicLinkRegistrar"
120-->[com.google.firebase:firebase-dynamic-links:19.0.0] AndroidManifest.xml:10:17-133
121                android:value="com.google.firebase.components.ComponentRegistrar" />
121-->[com.google.firebase:firebase-dynamic-links:19.0.0] AndroidManifest.xml:11:17-82
122            <meta-data
122-->[com.google.android.gms:play-services-measurement-api:17.2.1] AndroidManifest.xml:30:13-32:85
123                android:name="com.google.firebase.components:com.google.firebase.analytics.connector.internal.AnalyticsConnectorRegistrar"
123-->[com.google.android.gms:play-services-measurement-api:17.2.1] AndroidManifest.xml:31:17-139
124                android:value="com.google.firebase.components.ComponentRegistrar" />
124-->[com.google.android.gms:play-services-measurement-api:17.2.1] AndroidManifest.xml:32:17-82
125            <meta-data
125-->[com.google.firebase:firebase-iid:19.0.0] AndroidManifest.xml:32:13-34:85
126                android:name="com.google.firebase.components:com.google.firebase.iid.Registrar"
126-->[com.google.firebase:firebase-iid:19.0.0] AndroidManifest.xml:33:17-96
127                android:value="com.google.firebase.components.ComponentRegistrar" />
127-->[com.google.firebase:firebase-iid:19.0.0] AndroidManifest.xml:34:17-82
128        </service>
129
130        <activity
130-->[com.google.android.gms:play-services-auth:17.0.0] AndroidManifest.xml:23:9-27:75
131            android:name="com.google.android.gms.auth.api.signin.internal.SignInHubActivity"
131-->[com.google.android.gms:play-services-auth:17.0.0] AndroidManifest.xml:24:13-93
132            android:excludeFromRecents="true"
132-->[com.google.android.gms:play-services-auth:17.0.0] AndroidManifest.xml:25:13-46
133            android:exported="false"
133-->[com.google.android.gms:play-services-auth:17.0.0] AndroidManifest.xml:26:13-37
134            android:theme="@android:style/Theme.Translucent.NoTitleBar" />
134-->[com.google.android.gms:play-services-auth:17.0.0] AndroidManifest.xml:27:13-72
135        <!--
136            Service handling Google Sign-In user revocation. For apps that do not integrate with
137            Google Sign-In, this service will never be started.
138        -->
139        <service
139-->[com.google.android.gms:play-services-auth:17.0.0] AndroidManifest.xml:33:9-36:110
140            android:name="com.google.android.gms.auth.api.signin.RevocationBoundService"
140-->[com.google.android.gms:play-services-auth:17.0.0] AndroidManifest.xml:34:13-89
141            android:exported="true"
141-->[com.google.android.gms:play-services-auth:17.0.0] AndroidManifest.xml:35:13-36
142            android:permission="com.google.android.gms.auth.api.signin.permission.REVOCATION_NOTIFICATION" />
142-->[com.google.android.gms:play-services-auth:17.0.0] AndroidManifest.xml:36:13-107
143
144        <receiver
144-->[com.google.firebase:firebase-iid:19.0.0] AndroidManifest.xml:37:9-44:20
145            android:name="com.google.firebase.iid.FirebaseInstanceIdReceiver"
145-->[com.google.firebase:firebase-iid:19.0.0] AndroidManifest.xml:38:13-78
146            android:exported="true"
146-->[com.google.firebase:firebase-iid:19.0.0] AndroidManifest.xml:39:13-36
147            android:permission="com.google.android.c2dm.permission.SEND" >
147-->[com.google.firebase:firebase-iid:19.0.0] AndroidManifest.xml:40:13-73
148            <intent-filter>
148-->[com.google.firebase:firebase-iid:19.0.0] AndroidManifest.xml:41:13-43:29
149                <action android:name="com.google.android.c2dm.intent.RECEIVE" />
149-->[com.google.firebase:firebase-iid:19.0.0] AndroidManifest.xml:42:17-81
149-->[com.google.firebase:firebase-iid:19.0.0] AndroidManifest.xml:42:25-78
150            </intent-filter>
151        </receiver>
152
153        <activity
153-->[com.google.android.gms:play-services-base:17.1.0] AndroidManifest.xml:23:9-26:75
154            android:name="com.google.android.gms.common.api.GoogleApiActivity"
154-->[com.google.android.gms:play-services-base:17.1.0] AndroidManifest.xml:24:13-79
155            android:exported="false"
155-->[com.google.android.gms:play-services-base:17.1.0] AndroidManifest.xml:25:13-37
156            android:theme="@android:style/Theme.Translucent.NoTitleBar" />
156-->[com.google.android.gms:play-services-base:17.1.0] AndroidManifest.xml:26:13-72
157
158        <provider
158-->[com.google.firebase:firebase-common:19.0.0] AndroidManifest.xml:12:9-16:39
159            android:name="com.google.firebase.provider.FirebaseInitProvider"
159-->[com.google.firebase:firebase-common:19.0.0] AndroidManifest.xml:13:13-77
160            android:authorities="com.example.gasradar.firebaseinitprovider"
160-->[com.google.firebase:firebase-common:19.0.0] AndroidManifest.xml:14:13-72
161            android:exported="false"
161-->[com.google.firebase:firebase-common:19.0.0] AndroidManifest.xml:15:13-37
162            android:initOrder="100" />
162-->[com.google.firebase:firebase-common:19.0.0] AndroidManifest.xml:16:13-36
163
164        <receiver
164-->[com.google.android.gms:play-services-measurement:17.2.1] AndroidManifest.xml:29:9-33:20
165            android:name="com.google.android.gms.measurement.AppMeasurementReceiver"
165-->[com.google.android.gms:play-services-measurement:17.2.1] AndroidManifest.xml:30:13-85
166            android:enabled="true"
166-->[com.google.android.gms:play-services-measurement:17.2.1] AndroidManifest.xml:31:13-35
167            android:exported="false" >
167-->[com.google.android.gms:play-services-measurement:17.2.1] AndroidManifest.xml:32:13-37
168        </receiver>
169        <receiver
169-->[com.google.android.gms:play-services-measurement:17.2.1] AndroidManifest.xml:34:9-42:20
170            android:name="com.google.android.gms.measurement.AppMeasurementInstallReferrerReceiver"
170-->[com.google.android.gms:play-services-measurement:17.2.1] AndroidManifest.xml:35:13-100
171            android:enabled="true"
171-->[com.google.android.gms:play-services-measurement:17.2.1] AndroidManifest.xml:36:13-35
172            android:exported="true"
172-->[com.google.android.gms:play-services-measurement:17.2.1] AndroidManifest.xml:37:13-36
173            android:permission="android.permission.INSTALL_PACKAGES" >
173-->[com.google.android.gms:play-services-measurement:17.2.1] AndroidManifest.xml:38:13-69
174            <intent-filter>
174-->[com.google.android.gms:play-services-measurement:17.2.1] AndroidManifest.xml:39:13-41:29
175                <action android:name="com.android.vending.INSTALL_REFERRER" />
175-->[com.google.android.gms:play-services-measurement:17.2.1] AndroidManifest.xml:40:17-79
175-->[com.google.android.gms:play-services-measurement:17.2.1] AndroidManifest.xml:40:25-76
176            </intent-filter>
177        </receiver>
178
179        <service
179-->[com.google.android.gms:play-services-measurement:17.2.1] AndroidManifest.xml:44:9-47:40
180            android:name="com.google.android.gms.measurement.AppMeasurementService"
180-->[com.google.android.gms:play-services-measurement:17.2.1] AndroidManifest.xml:45:13-84
181            android:enabled="true"
181-->[com.google.android.gms:play-services-measurement:17.2.1] AndroidManifest.xml:46:13-35
182            android:exported="false" />
182-->[com.google.android.gms:play-services-measurement:17.2.1] AndroidManifest.xml:47:13-37
183        <service
183-->[com.google.android.gms:play-services-measurement:17.2.1] AndroidManifest.xml:48:9-52:72
184            android:name="com.google.android.gms.measurement.AppMeasurementJobService"
184-->[com.google.android.gms:play-services-measurement:17.2.1] AndroidManifest.xml:49:13-87
185            android:enabled="true"
185-->[com.google.android.gms:play-services-measurement:17.2.1] AndroidManifest.xml:50:13-35
186            android:exported="false"
186-->[com.google.android.gms:play-services-measurement:17.2.1] AndroidManifest.xml:51:13-37
187            android:permission="android.permission.BIND_JOB_SERVICE" />
187-->[com.google.android.gms:play-services-measurement:17.2.1] AndroidManifest.xml:52:13-69
188
189        <meta-data
189-->[com.google.android.gms:play-services-basement:17.0.0] AndroidManifest.xml:23:9-25:69
190            android:name="com.google.android.gms.version"
190-->[com.google.android.gms:play-services-basement:17.0.0] AndroidManifest.xml:24:13-58
191            android:value="@integer/google_play_services_version" />
191-->[com.google.android.gms:play-services-basement:17.0.0] AndroidManifest.xml:25:13-66
192        <!--
193         The initialization ContentProvider will call FacebookSdk.sdkInitialize automatically
194         with the application context. This config is merged in with the host app's manifest,
195         but there can only be one provider with the same authority activated at any given
196         point; so if the end user has two or more different apps that use Facebook SDK, only the
197         first one will be able to use the provider. To work around this problem, we use the
198         following placeholder in the authority to identify each host application as if it was
199         a completely different provider.
200        -->
201        <provider
201-->[com.facebook.android:facebook-core:5.11.0] AndroidManifest.xml:39:9-42:40
202            android:name="com.facebook.internal.FacebookInitProvider"
202-->[com.facebook.android:facebook-core:5.11.0] AndroidManifest.xml:40:13-70
203            android:authorities="com.example.gasradar.FacebookInitProvider"
203-->[com.facebook.android:facebook-core:5.11.0] AndroidManifest.xml:41:13-72
204            android:exported="false" />
204-->[com.facebook.android:facebook-core:5.11.0] AndroidManifest.xml:42:13-37
205
206        <receiver
206-->[com.facebook.android:facebook-core:5.11.0] AndroidManifest.xml:44:9-50:20
207            android:name="com.facebook.CurrentAccessTokenExpirationBroadcastReceiver"
207-->[com.facebook.android:facebook-core:5.11.0] AndroidManifest.xml:45:13-86
208            android:exported="false" >
208-->[com.facebook.android:facebook-core:5.11.0] AndroidManifest.xml:46:13-37
209            <intent-filter>
209-->[com.facebook.android:facebook-core:5.11.0] AndroidManifest.xml:47:13-49:29
210                <action android:name="com.facebook.sdk.ACTION_CURRENT_ACCESS_TOKEN_CHANGED" />
210-->[com.facebook.android:facebook-core:5.11.0] AndroidManifest.xml:48:17-95
210-->[com.facebook.android:facebook-core:5.11.0] AndroidManifest.xml:48:25-92
211            </intent-filter>
212        </receiver>
213        <receiver
213-->[com.facebook.android:facebook-core:5.11.0] AndroidManifest.xml:51:9-58:20
214            android:name="com.facebook.CampaignTrackingReceiver"
214-->[com.facebook.android:facebook-core:5.11.0] AndroidManifest.xml:52:13-65
215            android:exported="true"
215-->[com.facebook.android:facebook-core:5.11.0] AndroidManifest.xml:53:13-36
216            android:permission="android.permission.INSTALL_PACKAGES" >
216-->[com.facebook.android:facebook-core:5.11.0] AndroidManifest.xml:54:13-69
217            <intent-filter>
217-->[com.google.android.gms:play-services-measurement:17.2.1] AndroidManifest.xml:39:13-41:29
218                <action android:name="com.android.vending.INSTALL_REFERRER" />
218-->[com.google.android.gms:play-services-measurement:17.2.1] AndroidManifest.xml:40:17-79
218-->[com.google.android.gms:play-services-measurement:17.2.1] AndroidManifest.xml:40:25-76
219            </intent-filter>
220        </receiver>
221
222        <provider
222-->[androidx.lifecycle:lifecycle-process:2.1.0] AndroidManifest.xml:23:9-27:43
223            android:name="androidx.lifecycle.ProcessLifecycleOwnerInitializer"
223-->[androidx.lifecycle:lifecycle-process:2.1.0] AndroidManifest.xml:24:13-79
224            android:authorities="com.example.gasradar.lifecycle-process"
224-->[androidx.lifecycle:lifecycle-process:2.1.0] AndroidManifest.xml:25:13-69
225            android:exported="false"
225-->[androidx.lifecycle:lifecycle-process:2.1.0] AndroidManifest.xml:26:13-37
226            android:multiprocess="true" />
226-->[androidx.lifecycle:lifecycle-process:2.1.0] AndroidManifest.xml:27:13-40
227    </application>
228
229</manifest>